<?xml version="1.0" encoding="UTF-8"?>
<!-- Generated by org.testng.reporters.JUnitXMLReporter -->
<testsuite hostname="DESKTOP-VJN2BB9" name="Sanity1" tests="1" failures="1" timestamp="24 Jul 2017 06:00:05 GMT" time="72.814" errors="0">
  <testcase name="verifYToastMessage" time="30.385" classname="com.script.ToastMessage">
    <failure type="java.lang.IndexOutOfBoundsException" message="Index: 1, Size: 0">
      <![CDATA[java.lang.IndexOutOfBoundsException: Index: 1, Size: 0
	at java.util.ArrayList.rangeCheck(ArrayList.java:653)
	at java.util.ArrayList.get(ArrayList.java:429)
	at org.openqa.selenium.support.pagefactory.internal.LocatingElementListHandler.invoke(LocatingElementListHandler.java:39)
	at com.sun.proxy.$Proxy8.get(Unknown Source)
	at com.script.ToastMessage.verifYToastMessage(ToastMessage.java:29)
	at java.util.concurrent.FutureTask.run(FutureTask.java:266)
	at java.util.concurrent.ThreadPoolExecutor.runWorker(ThreadPoolExecutor.java:1142)
	at java.util.concurrent.ThreadPoolExecutor$Worker.run(ThreadPoolExecutor.java:617)
	at java.lang.Thread.run(Thread.java:745)
... Removed 20 stack frames]]>
    </failure>
  </testcase> <!-- verifYToastMessage -->
</testsuite> <!-- Sanity1 -->
